# JRE version: Java(TM) SE Runtime Environment (8.0_202-b08) (build 1.8.0_202-b08)
# Java VM: Java HotSpot(TM) 64-Bit Server VM (25.202-b08 mixed mode windows-amd64 compressed oops)
Heap:
 PSYoungGen      total 167424K, used 74953K [0x00000000d5580000, 0x00000000e0d00000, 0x0000000100000000)
  eden space 154112K, 40% used [0x00000000d5580000,0x00000000d91ddfc0,0x00000000dec00000)
  from space 13312K, 98% used [0x00000000dfa80000,0x00000000e0754810,0x00000000e0780000)
  to   space 14848K, 0% used [0x00000000dec00000,0x00000000dec00000,0x00000000dfa80000)
 ParOldGen       total 84480K, used 15089K [0x0000000080000000, 0x0000000085280000, 0x00000000d5580000)
  object space 84480K, 17% used [0x0000000080000000,0x0000000080ebc6b8,0x0000000085280000)
 Metaspace       used 38645K, capacity 40176K, committed 40408K, reserved 1083392K
  class space    used 5217K, capacity 5552K, committed 5632K, reserved 1048576K
GC Heap History (10 events):
Event: 4.812 GC heap before
{Heap before GC invocations=6 (full 1):
 PSYoungGen      total 71680K, used 66560K [0x00000000d5580000, 0x00000000da080000, 0x0000000100000000)
  eden space 66560K, 100% used [0x00000000d5580000,0x00000000d9680000,0x00000000d9680000)
  from space 5120K, 0% used [0x00000000d9b80000,0x00000000d9b80000,0x00000000da080000)
  to   space 5120K, 0% used [0x00000000d9680000,0x00000000d9680000,0x00000000d9b80000)
 ParOldGen       total 57856K, used 6265K [0x0000000080000000, 0x0000000083880000, 0x00000000d5580000)
  object space 57856K, 10% used [0x0000000080000000,0x000000008061e7e0,0x0000000083880000)
 Metaspace       used 25058K, capacity 25638K, committed 25856K, reserved 1071104K
  class space    used 3382K, capacity 3537K, committed 3584K, reserved 1048576K
Event: 4.853 GC heap after
Heap after GC invocations=6 (full 1):
 PSYoungGen      total 71680K, used 5094K [0x00000000d5580000, 0x00000000dcb80000, 0x0000000100000000)
  eden space 66560K, 0% used [0x00000000d5580000,0x00000000d5580000,0x00000000d9680000)
  from space 5120K, 99% used [0x00000000d9680000,0x00000000d9b79988,0x00000000d9b80000)
  to   space 10240K, 0% used [0x00000000dc180000,0x00000000dc180000,0x00000000dcb80000)
 ParOldGen       total 57856K, used 12009K [0x0000000080000000, 0x0000000083880000, 0x00000000d5580000)
  object space 57856K, 20% used [0x0000000080000000,0x0000000080bba728,0x0000000083880000)
 Metaspace       used 25058K, capacity 25638K, committed 25856K, reserved 1071104K
  class space    used 3382K, capacity 3537K, committed 3584K, reserved 1048576K
}
Event: 10.284 GC heap before
{Heap before GC invocations=7 (full 1):
 PSYoungGen      total 71680K, used 71654K [0x00000000d5580000, 0x00000000dcb80000, 0x0000000100000000)
  eden space 66560K, 100% used [0x00000000d5580000,0x00000000d9680000,0x00000000d9680000)
  from space 5120K, 99% used [0x00000000d9680000,0x00000000d9b79988,0x00000000d9b80000)
  to   space 10240K, 0% used [0x00000000dc180000,0x00000000dc180000,0x00000000dcb80000)
 ParOldGen       total 57856K, used 12009K [0x0000000080000000, 0x0000000083880000, 0x00000000d5580000)
  object space 57856K, 20% used [0x0000000080000000,0x0000000080bba728,0x0000000083880000)
 Metaspace       used 33310K, capacity 34398K, committed 34432K, reserved 1079296K
  class space    used 4486K, capacity 4735K, committed 4736K, reserved 1048576K
Event: 10.301 GC heap after
Heap after GC invocations=7 (full 1):
 PSYoungGen      total 106496K, used 10213K [0x00000000d5580000, 0x00000000dcd80000, 0x0000000100000000)
  eden space 96256K, 0% used [0x00000000d5580000,0x00000000d5580000,0x00000000db380000)
  from space 10240K, 99% used [0x00000000dc180000,0x00000000dcb79448,0x00000000dcb80000)
  to   space 13312K, 0% used [0x00000000db380000,0x00000000db380000,0x00000000dc080000)
 ParOldGen       total 57856K, used 14695K [0x0000000080000000, 0x0000000083880000, 0x00000000d5580000)
  object space 57856K, 25% used [0x0000000080000000,0x0000000080e59de8,0x0000000083880000)
 Metaspace       used 33310K, capacity 34398K, committed 34432K, reserved 1079296K
  class space    used 4486K, capacity 4735K, committed 4736K, reserved 1048576K
}
Event: 10.420 GC heap before
{Heap before GC invocations=8 (full 1):
 PSYoungGen      total 106496K, used 17851K [0x00000000d5580000, 0x00000000dcd80000, 0x0000000100000000)
  eden space 96256K, 7% used [0x00000000d5580000,0x00000000d5cf5b10,0x00000000db380000)
  from space 10240K, 99% used [0x00000000dc180000,0x00000000dcb79448,0x00000000dcb80000)
  to   space 13312K, 0% used [0x00000000db380000,0x00000000db380000,0x00000000dc080000)
 ParOldGen       total 57856K, used 14695K [0x0000000080000000, 0x0000000083880000, 0x00000000d5580000)
  object space 57856K, 25% used [0x0000000080000000,0x0000000080e59de8,0x0000000083880000)
 Metaspace       used 34124K, capacity 35304K, committed 35416K, reserved 1079296K
  class space    used 4622K, capacity 4926K, committed 4992K, reserved 1048576K
Event: 10.433 GC heap after
Heap after GC invocations=8 (full 1):
 PSYoungGen      total 109568K, used 9043K [0x00000000d5580000, 0x00000000e0780000, 0x0000000100000000)
  eden space 96256K, 0% used [0x00000000d5580000,0x00000000d5580000,0x00000000db380000)
  from space 13312K, 67% used [0x00000000db380000,0x00000000dbc54c30,0x00000000dc080000)
  to   space 13312K, 0% used [0x00000000dfa80000,0x00000000dfa80000,0x00000000e0780000)
 ParOldGen       total 57856K, used 14703K [0x0000000080000000, 0x0000000083880000, 0x00000000d5580000)
  object space 57856K, 25% used [0x0000000080000000,0x0000000080e5bde8,0x0000000083880000)
 Metaspace       used 34124K, capacity 35304K, committed 35416K, reserved 1079296K
  class space    used 4622K, capacity 4926K, committed 4992K, reserved 1048576K
}
Event: 10.433 GC heap before
{Heap before GC invocations=9 (full 2):
 PSYoungGen      total 109568K, used 9043K [0x00000000d5580000, 0x00000000e0780000, 0x0000000100000000)
  eden space 96256K, 0% used [0x00000000d5580000,0x00000000d5580000,0x00000000db380000)
  from space 13312K, 67% used [0x00000000db380000,0x00000000dbc54c30,0x00000000dc080000)
  to   space 13312K, 0% used [0x00000000dfa80000,0x00000000dfa80000,0x00000000e0780000)
 ParOldGen       total 57856K, used 14703K [0x0000000080000000, 0x0000000083880000, 0x00000000d5580000)
  object space 57856K, 25% used [0x0000000080000000,0x0000000080e5bde8,0x0000000083880000)
 Metaspace       used 34124K, capacity 35304K, committed 35416K, reserved 1079296K
  class space    used 4622K, capacity 4926K, committed 4992K, reserved 1048576K
Event: 10.497 GC heap after
Heap after GC invocations=9 (full 2):
 PSYoungGen      total 109568K, used 0K [0x00000000d5580000, 0x00000000e0780000, 0x0000000100000000)
  eden space 96256K, 0% used [0x00000000d5580000,0x00000000d5580000,0x00000000db380000)
  from space 13312K, 0% used [0x00000000db380000,0x00000000db380000,0x00000000dc080000)
  to   space 13312K, 0% used [0x00000000dfa80000,0x00000000dfa80000,0x00000000e0780000)
 ParOldGen       total 84480K, used 15081K [0x0000000080000000, 0x0000000085280000, 0x00000000d5580000)
  object space 84480K, 17% used [0x0000000080000000,0x0000000080eba6b8,0x0000000085280000)
 Metaspace       used 34124K, capacity 35304K, committed 35416K, reserved 1079296K
  class space    used 4622K, capacity 4926K, committed 4992K, reserved 1048576K
}
Event: 90.742 GC heap before
{Heap before GC invocations=10 (full 2):
 PSYoungGen      total 109568K, used 96245K [0x00000000d5580000, 0x00000000e0780000, 0x0000000100000000)
  eden space 96256K, 99% used [0x00000000d5580000,0x00000000db37d6a0,0x00000000db380000)
  from space 13312K, 0% used [0x00000000db380000,0x00000000db380000,0x00000000dc080000)
  to   space 13312K, 0% used [0x00000000dfa80000,0x00000000dfa80000,0x00000000e0780000)
 ParOldGen       total 84480K, used 15081K [0x0000000080000000, 0x0000000085280000, 0x00000000d5580000)
  object space 84480K, 17% used [0x0000000080000000,0x0000000080eba6b8,0x0000000085280000)
 Metaspace       used 38155K, capacity 39648K, committed 39896K, reserved 1083392K
  class space    used 5182K, capacity 5526K, committed 5632K, reserved 1048576K
Event: 90.756 GC heap after
Heap after GC invocations=10 (full 2):
 PSYoungGen      total 167424K, used 13138K [0x00000000d5580000, 0x00000000e0d00000, 0x0000000100000000)
  eden space 154112K, 0% used [0x00000000d5580000,0x00000000d5580000,0x00000000dec00000)
  from space 13312K, 98% used [0x00000000dfa80000,0x00000000e0754810,0x00000000e0780000)
  to   space 14848K, 0% used [0x00000000dec00000,0x00000000dec00000,0x00000000dfa80000)
 ParOldGen       total 84480K, used 15089K [0x0000000080000000, 0x0000000085280000, 0x00000000d5580000)
  object space 84480K, 17% used [0x0000000080000000,0x0000000080ebc6b8,0x0000000085280000)
 Metaspace       used 38155K, capacity 39648K, committed 39896K, reserved 1083392K
  class space    used 5182K, capacity 5526K, committed 5632K, reserved 1048576K
}

